<?xml version="1.0" encoding="UTF-8"?>
<testng-results skipped="0" failed="0" total="1" passed="1">
  <reporter-output>
  </reporter-output>
  <suite name="Default suite" duration-ms="32398" started-at="2021-04-08T02:46:31Z" finished-at="2021-04-08T02:47:04Z">
    <groups>
    </groups>
    <test name="Default test" duration-ms="32398" started-at="2021-04-08T02:46:31Z" finished-at="2021-04-08T02:47:04Z">
      <class name="com.actitime.base.DriverScript">
        <test-method status="PASS" signature="initiConfiguration()[pri:0, instance:com.actitime.base.DriverScript@35851384]" name="initiConfiguration" duration-ms="32367" started-at="2021-04-07T22:46:32Z" finished-at="2021-04-07T22:47:04Z">
          <reporter-output>
          </reporter-output>
        </test-method> <!-- initiConfiguration -->
      </class> <!-- com.actitime.base.DriverScript -->
    </test> <!-- Default test -->
  </suite> <!-- Default suite -->
</testng-results>
